# JRE version: Java(TM) SE Runtime Environment (25.0.1+8) (build 25.0.1+8-LTS-27)
# Java VM: Java HotSpot(TM) 64-Bit Server VM (25.0.1+8-LTS-27, mixed mode, sharing, tiered, compressed oops, compressed class ptrs, g1 gc, windows-amd64)
GC Precious Log:
 CardTable entry size: 512
 Card Set container configuration: InlinePtr #cards 5 size 8 Array Of Cards #cards 10 size 36 Howl #buckets 4 coarsen threshold 1843 Howl Bitmap #cards 512 size 80 coarsen threshold 460 Card regions per heap region 1 cards per card region 2048
 CPUs: 4 total, 4 available
 Memory: 3978M
 Large Page Support: Disabled
 NUMA Support: Disabled
 Compressed Oops: Enabled (32-bit)
 Heap Region Size: 1M
 Heap Min Capacity: 8M
 Heap Initial Capacity: 64M
 Heap Max Capacity: 996M
 Pre-touch: Disabled
 Parallel Workers: 4
 Concurrent Workers: 1
 Concurrent Refinement Workers: 4
 Periodic GC: Disabled
Heap:
 garbage-first heap   total reserved 1019904K, committed 56320K, used 40861K [0x00000000c1c00000, 0x0000000100000000)
  region size 1024K, 11 young (11264K), 2 survivors (2048K)
GC Heap Usage History (20 events):
Event: 6.389 {heap Before GC invocations=5 (full 0):
 garbage-first heap   total reserved 1019904K, committed 55296K, used 43077K [0x00000000c1c00000, 0x0000000100000000)
  region size 1024K, 32 young (32768K), 4 survivors (4096K)
}
Event: 6.405 {heap After GC invocations=6 (full 0):
 garbage-first heap   total reserved 1019904K, committed 55296K, used 18238K [0x00000000c1c00000, 0x0000000100000000)
  region size 1024K, 4 young (4096K), 4 survivors (4096K)
}
Event: 8.274 {heap Before GC invocations=6 (full 0):
 garbage-first heap   total reserved 1019904K, committed 55296K, used 41790K [0x00000000c1c00000, 0x0000000100000000)
  region size 1024K, 27 young (27648K), 4 survivors (4096K)
}
Event: 8.289 {heap After GC invocations=7 (full 0):
 garbage-first heap   total reserved 1019904K, committed 55296K, used 21238K [0x00000000c1c00000, 0x0000000100000000)
  region size 1024K, 3 young (3072K), 3 survivors (3072K)
}
Event: 9.359 {heap Before GC invocations=7 (full 0):
 garbage-first heap   total reserved 1019904K, committed 55296K, used 43766K [0x00000000c1c00000, 0x0000000100000000)
  region size 1024K, 25 young (25600K), 3 survivors (3072K)
}
Event: 9.370 {heap After GC invocations=8 (full 0):
 garbage-first heap   total reserved 1019904K, committed 55296K, used 22874K [0x00000000c1c00000, 0x0000000100000000)
  region size 1024K, 4 young (4096K), 4 survivors (4096K)
}
Event: 9.738 {heap Before GC invocations=8 (full 0):
 garbage-first heap   total reserved 1019904K, committed 55296K, used 30042K [0x00000000c1c00000, 0x0000000100000000)
  region size 1024K, 12 young (12288K), 4 survivors (4096K)
}
Event: 9.750 {heap After GC invocations=9 (full 0):
 garbage-first heap   total reserved 1019904K, committed 55296K, used 23265K [0x00000000c1c00000, 0x0000000100000000)
  region size 1024K, 3 young (3072K), 3 survivors (3072K)
}
Event: 11.173 {heap Before GC invocations=10 (full 0):
 garbage-first heap   total reserved 1019904K, committed 55296K, used 44769K [0x00000000c1c00000, 0x0000000100000000)
  region size 1024K, 25 young (25600K), 3 survivors (3072K)
}
Event: 11.185 {heap After GC invocations=11 (full 0):
 garbage-first heap   total reserved 1019904K, committed 55296K, used 25418K [0x00000000c1c00000, 0x0000000100000000)
  region size 1024K, 3 young (3072K), 3 survivors (3072K)
}
Event: 13.492 {heap Before GC invocations=11 (full 0):
 garbage-first heap   total reserved 1019904K, committed 55296K, used 45898K [0x00000000c1c00000, 0x0000000100000000)
  region size 1024K, 24 young (24576K), 3 survivors (3072K)
}
Event: 13.505 {heap After GC invocations=12 (full 0):
 garbage-first heap   total reserved 1019904K, committed 55296K, used 27518K [0x00000000c1c00000, 0x0000000100000000)
  region size 1024K, 3 young (3072K), 3 survivors (3072K)
}
Event: 14.658 {heap Before GC invocations=12 (full 0):
 garbage-first heap   total reserved 1019904K, committed 55296K, used 46974K [0x00000000c1c00000, 0x0000000100000000)
  region size 1024K, 23 young (23552K), 3 survivors (3072K)
}
Event: 14.668 {heap After GC invocations=13 (full 0):
 garbage-first heap   total reserved 1019904K, committed 55296K, used 28434K [0x00000000c1c00000, 0x0000000100000000)
  region size 1024K, 1 young (1024K), 1 survivors (1024K)
}
Event: 15.877 {heap Before GC invocations=14 (full 0):
 garbage-first heap   total reserved 1019904K, committed 55296K, used 48914K [0x00000000c1c00000, 0x0000000100000000)
  region size 1024K, 21 young (21504K), 1 survivors (1024K)
}
Event: 15.887 {heap After GC invocations=15 (full 0):
 garbage-first heap   total reserved 1019904K, committed 55296K, used 29398K [0x00000000c1c00000, 0x0000000100000000)
  region size 1024K, 2 young (2048K), 2 survivors (2048K)
}
Event: 17.614 {heap Before GC invocations=15 (full 0):
 garbage-first heap   total reserved 1019904K, committed 55296K, used 49878K [0x00000000c1c00000, 0x0000000100000000)
  region size 1024K, 22 young (22528K), 2 survivors (2048K)
}
Event: 17.627 {heap After GC invocations=16 (full 0):
 garbage-first heap   total reserved 1019904K, committed 55296K, used 30859K [0x00000000c1c00000, 0x0000000100000000)
  region size 1024K, 3 young (3072K), 3 survivors (3072K)
}
Event: 18.667 {heap Before GC invocations=16 (full 0):
 garbage-first heap   total reserved 1019904K, committed 55296K, used 49291K [0x00000000c1c00000, 0x0000000100000000)
  region size 1024K, 21 young (21504K), 3 survivors (3072K)
}
Event: 18.679 {heap After GC invocations=17 (full 0):
 garbage-first heap   total reserved 1019904K, committed 55296K, used 32669K [0x00000000c1c00000, 0x0000000100000000)
  region size 1024K, 2 young (2048K), 2 survivors (2048K)
}

