# JRE version: Java(TM) SE Runtime Environment (21.0.10+8) (build 21.0.10+8-LTS-217)
# Java VM: Java HotSpot(TM) 64-Bit Server VM (21.0.10+8-LTS-217, mixed mode, sharing, tiered, compressed oops, compressed class ptrs, g1 gc, windows-amd64)
GC Precious Log:
 CardTable entry size: 512
 Card Set container configuration: InlinePtr #cards 5 size 8 Array Of Cards #cards 12 size 40 Howl #buckets 4 coarsen threshold 1843 Howl Bitmap #cards 512 size 80 coarsen threshold 460 Card regions per heap region 1 cards per card region 2048
 CPUs: 4 total, 4 available
 Memory: 3978M
 Large Page Support: Disabled
 NUMA Support: Disabled
 Compressed Oops: Enabled (32-bit)
 Heap Region Size: 1M
 Heap Min Capacity: 8M
 Heap Initial Capacity: 64M
 Heap Max Capacity: 996M
 Pre-touch: Disabled
 Parallel Workers: 4
 Concurrent Workers: 1
 Concurrent Refinement Workers: 4
 Periodic GC: Disabled
Heap:
 garbage-first heap   total 58368K, used 34742K [0x00000000c1c00000, 0x0000000100000000)
  region size 1024K, 8 young (8192K), 3 survivors (3072K)
 Metaspace       used 67842K, committed 68416K, reserved 1114112K
  class space    used 9104K, committed 9344K, reserved 1048576K
GC Heap History (20 events):
Event: 8.246 GC heap before
{Heap before GC invocations=4 (full 0):
 garbage-first heap   total 65536K, used 20794K [0x00000000c1c00000, 0x0000000100000000)
  region size 1024K, 13 young (13312K), 5 survivors (5120K)
 Metaspace       used 21218K, committed 21504K, reserved 1114112K
  class space    used 2669K, committed 2816K, reserved 1048576K
}
Event: 8.259 GC heap after
{Heap after GC invocations=5 (full 0):
 garbage-first heap   total 65536K, used 14782K [0x00000000c1c00000, 0x0000000100000000)
  region size 1024K, 2 young (2048K), 2 survivors (2048K)
 Metaspace       used 21218K, committed 21504K, reserved 1114112K
  class space    used 2669K, committed 2816K, reserved 1048576K
}
Event: 10.762 GC heap before
{Heap before GC invocations=6 (full 0):
 garbage-first heap   total 58368K, used 46526K [0x00000000c1c00000, 0x0000000100000000)
  region size 1024K, 33 young (33792K), 2 survivors (2048K)
 Metaspace       used 26409K, committed 26816K, reserved 1114112K
  class space    used 3351K, committed 3520K, reserved 1048576K
}
Event: 10.771 GC heap after
{Heap after GC invocations=7 (full 0):
 garbage-first heap   total 58368K, used 17421K [0x00000000c1c00000, 0x0000000100000000)
  region size 1024K, 4 young (4096K), 4 survivors (4096K)
 Metaspace       used 26409K, committed 26816K, reserved 1114112K
  class space    used 3351K, committed 3520K, reserved 1048576K
}
Event: 12.499 GC heap before
{Heap before GC invocations=7 (full 0):
 garbage-first heap   total 58368K, used 43021K [0x00000000c1c00000, 0x0000000100000000)
  region size 1024K, 30 young (30720K), 4 survivors (4096K)
 Metaspace       used 31151K, committed 31616K, reserved 1114112K
  class space    used 4037K, committed 4224K, reserved 1048576K
}
Event: 12.524 GC heap after
{Heap after GC invocations=8 (full 0):
 garbage-first heap   total 58368K, used 20255K [0x00000000c1c00000, 0x0000000100000000)
  region size 1024K, 3 young (3072K), 3 survivors (3072K)
 Metaspace       used 31151K, committed 31616K, reserved 1114112K
  class space    used 4037K, committed 4224K, reserved 1048576K
}
Event: 13.710 GC heap before
{Heap before GC invocations=8 (full 0):
 garbage-first heap   total 58368K, used 36639K [0x00000000c1c00000, 0x0000000100000000)
  region size 1024K, 20 young (20480K), 3 survivors (3072K)
 Metaspace       used 35498K, committed 35968K, reserved 1114112K
  class space    used 4738K, committed 4992K, reserved 1048576K
}
Event: 13.725 GC heap after
{Heap after GC invocations=9 (full 0):
 garbage-first heap   total 58368K, used 20869K [0x00000000c1c00000, 0x0000000100000000)
  region size 1024K, 1 young (1024K), 1 survivors (1024K)
 Metaspace       used 35498K, committed 35968K, reserved 1114112K
  class space    used 4738K, committed 4992K, reserved 1048576K
}
Event: 18.995 GC heap before
{Heap before GC invocations=10 (full 0):
 garbage-first heap   total 58368K, used 47493K [0x00000000c1c00000, 0x0000000100000000)
  region size 1024K, 27 young (27648K), 1 survivors (1024K)
 Metaspace       used 46114K, committed 46656K, reserved 1114112K
  class space    used 6015K, committed 6272K, reserved 1048576K
}
Event: 19.009 GC heap after
{Heap after GC invocations=11 (full 0):
 garbage-first heap   total 58368K, used 23848K [0x00000000c1c00000, 0x0000000100000000)
  region size 1024K, 4 young (4096K), 4 survivors (4096K)
 Metaspace       used 46114K, committed 46656K, reserved 1114112K
  class space    used 6015K, committed 6272K, reserved 1048576K
}
Event: 21.099 GC heap before
{Heap before GC invocations=11 (full 0):
 garbage-first heap   total 58368K, used 47400K [0x00000000c1c00000, 0x0000000100000000)
  region size 1024K, 28 young (28672K), 4 survivors (4096K)
 Metaspace       used 52746K, committed 53248K, reserved 1114112K
  class space    used 6918K, committed 7168K, reserved 1048576K
}
Event: 21.118 GC heap after
{Heap after GC invocations=12 (full 0):
 garbage-first heap   total 58368K, used 25180K [0x00000000c1c00000, 0x0000000100000000)
  region size 1024K, 2 young (2048K), 2 survivors (2048K)
 Metaspace       used 52746K, committed 53248K, reserved 1114112K
  class space    used 6918K, committed 7168K, reserved 1048576K
}
Event: 22.784 GC heap before
{Heap before GC invocations=12 (full 0):
 garbage-first heap   total 58368K, used 48732K [0x00000000c1c00000, 0x0000000100000000)
  region size 1024K, 26 young (26624K), 2 survivors (2048K)
 Metaspace       used 59202K, committed 59840K, reserved 1114112K
  class space    used 7899K, committed 8192K, reserved 1048576K
}
Event: 22.794 GC heap after
{Heap after GC invocations=13 (full 0):
 garbage-first heap   total 58368K, used 26086K [0x00000000c1c00000, 0x0000000100000000)
  region size 1024K, 3 young (3072K), 3 survivors (3072K)
 Metaspace       used 59202K, committed 59840K, reserved 1114112K
  class space    used 7899K, committed 8192K, reserved 1048576K
}
Event: 23.095 GC heap before
{Heap before GC invocations=13 (full 0):
 garbage-first heap   total 58368K, used 27110K [0x00000000c1c00000, 0x0000000100000000)
  region size 1024K, 5 young (5120K), 3 survivors (3072K)
 Metaspace       used 59566K, committed 60096K, reserved 1114112K
  class space    used 7937K, committed 8192K, reserved 1048576K
}
Event: 23.106 GC heap after
{Heap after GC invocations=14 (full 0):
 garbage-first heap   total 58368K, used 26128K [0x00000000c1c00000, 0x0000000100000000)
  region size 1024K, 2 young (2048K), 2 survivors (2048K)
 Metaspace       used 59566K, committed 60096K, reserved 1114112K
  class space    used 7937K, committed 8192K, reserved 1048576K
}
Event: 25.188 GC heap before
{Heap before GC invocations=15 (full 0):
 garbage-first heap   total 58368K, used 50704K [0x00000000c1c00000, 0x0000000100000000)
  region size 1024K, 26 young (26624K), 2 survivors (2048K)
 Metaspace       used 63958K, committed 64512K, reserved 1114112K
  class space    used 8546K, committed 8832K, reserved 1048576K
}
Event: 25.203 GC heap after
{Heap after GC invocations=16 (full 0):
 garbage-first heap   total 58368K, used 28478K [0x00000000c1c00000, 0x0000000100000000)
  region size 1024K, 4 young (4096K), 4 survivors (4096K)
 Metaspace       used 63958K, committed 64512K, reserved 1114112K
  class space    used 8546K, committed 8832K, reserved 1048576K
}
Event: 26.735 GC heap before
{Heap before GC invocations=16 (full 0):
 garbage-first heap   total 58368K, used 48958K [0x00000000c1c00000, 0x0000000100000000)
  region size 1024K, 24 young (24576K), 4 survivors (4096K)
 Metaspace       used 67034K, committed 67712K, reserved 1114112K
  class space    used 8973K, committed 9280K, reserved 1048576K
}
Event: 26.763 GC heap after
{Heap after GC invocations=17 (full 0):
 garbage-first heap   total 58368K, used 30646K [0x00000000c1c00000, 0x0000000100000000)
  region size 1024K, 3 young (3072K), 3 survivors (3072K)
 Metaspace       used 67034K, committed 67712K, reserved 1114112K
  class space    used 8973K, committed 9280K, reserved 1048576K
}

